app/build/intermediates/manifest_merge_blame_file/release/processReleaseMainManifest/manifest-merger-blame-release-report.txt
1<?xml version="1.0" encoding="utf-8"?>
2<manifest xmlns:android="http://schemas.android.com/apk/res/android"
3    package="com.sabah.bikhushue"
4    android:versionCode="3"
5    android:versionName="1.2" >
6
7    <uses-sdk
7-->INJECTED
8        android:minSdkVersion="24"
8-->INJECTED
9        android:targetSdkVersion="35" />
9-->INJECTED
10
11    <uses-permission android:name="android.permission.INTERNET" />
11-->src\main\AndroidManifest.xml:5:5-67
11-->src\main\AndroidManifest.xml:5:22-64
12    <uses-permission android:name="android.permission.ACCESS_NETWORK_STATE" />
12-->src\main\AndroidManifest.xml:6:5-79
12-->src\main\AndroidManifest.xml:6:22-76
13    <uses-permission android:name="android.permission.VIBRATE" />
13-->src\main\AndroidManifest.xml:7:5-66
13-->src\main\AndroidManifest.xml:7:22-63
14    <uses-permission android:name="android.permission.ACCESS_FINE_LOCATION" />
14-->src\main\AndroidManifest.xml:8:5-79
14-->src\main\AndroidManifest.xml:8:22-76
15    <uses-permission android:name="android.permission.ACCESS_COARSE_LOCATION" />
15-->src\main\AndroidManifest.xml:9:5-81
15-->src\main\AndroidManifest.xml:9:22-78
16
17    <uses-feature
17-->src\main\AndroidManifest.xml:11:5-91
18        android:name="android.hardware.location.gps"
18-->src\main\AndroidManifest.xml:11:19-63
19        android:required="false" />
19-->src\main\AndroidManifest.xml:11:64-88
20    <uses-feature
20-->src\main\AndroidManifest.xml:12:5-95
21        android:name="android.hardware.location.network"
21-->src\main\AndroidManifest.xml:12:19-67
22        android:required="false" />
22-->src\main\AndroidManifest.xml:12:68-92
23    <uses-feature
23-->src\main\AndroidManifest.xml:13:5-87
24        android:name="android.hardware.location"
24-->src\main\AndroidManifest.xml:13:19-59
25        android:required="false" />
25-->src\main\AndroidManifest.xml:13:60-84
26    <uses-feature
26-->src\main\AndroidManifest.xml:14:5-88
27        android:name="android.hardware.telephony"
27-->src\main\AndroidManifest.xml:14:19-60
28        android:required="false" />
28-->src\main\AndroidManifest.xml:14:61-85
29
30    <permission
30-->[androidx.core:core:1.12.0] AndroidManifest.xml:22:5-24:47
31        android:name="com.sabah.bikhushue.DYNAMIC_RECEIVER_NOT_EXPORTED_PERMISSION"
31-->[androidx.core:core:1.12.0] AndroidManifest.xml:23:9-81
32        android:protectionLevel="signature" />
32-->[androidx.core:core:1.12.0] AndroidManifest.xml:24:9-44
33
34    <uses-permission android:name="com.sabah.bikhushue.DYNAMIC_RECEIVER_NOT_EXPORTED_PERMISSION" />
34-->[androidx.core:core:1.12.0] AndroidManifest.xml:26:5-97
34-->[androidx.core:core:1.12.0] AndroidManifest.xml:26:22-94
35
36    <application
36-->src\main\AndroidManifest.xml:17:5-68:19
37        android:allowBackup="true"
37-->src\main\AndroidManifest.xml:19:9-35
38        android:appComponentFactory="androidx.core.app.CoreComponentFactory"
38-->[androidx.core:core:1.12.0] AndroidManifest.xml:28:18-86
39        android:extractNativeLibs="false"
39-->INJECTED
40        android:icon="@drawable/nnbb"
40-->src\main\AndroidManifest.xml:20:9-38
41        android:label="سبح بخشوع"
41-->src\main\AndroidManifest.xml:22:9-34
42        android:roundIcon="@drawable/nnbb"
42-->src\main\AndroidManifest.xml:21:9-43
43        android:supportsRtl="true"
43-->src\main\AndroidManifest.xml:23:9-35
44        android:theme="@style/Theme.QuranMaster"
44-->src\main\AndroidManifest.xml:24:9-49
45        android:usesCleartextTraffic="true" >
45-->src\main\AndroidManifest.xml:18:9-44
46        <activity
46-->src\main\AndroidManifest.xml:26:9-34:20
47            android:name="com.sabah.bikhushue.HomeActivity"
47-->src\main\AndroidManifest.xml:27:13-41
48            android:configChanges="orientation|screenSize|screenLayout|keyboardHidden"
48-->src\main\AndroidManifest.xml:29:13-87
49            android:exported="true" >
49-->src\main\AndroidManifest.xml:28:13-36
50            <intent-filter>
50-->src\main\AndroidManifest.xml:30:13-33:29
51                <action android:name="android.intent.action.MAIN" />
51-->src\main\AndroidManifest.xml:31:17-69
51-->src\main\AndroidManifest.xml:31:25-66
52
53                <category android:name="android.intent.category.LAUNCHER" />
53-->src\main\AndroidManifest.xml:32:17-77
53-->src\main\AndroidManifest.xml:32:27-74
54            </intent-filter>
55        </activity>
56        <activity
56-->src\main\AndroidManifest.xml:36:9-39:40
57            android:name="com.sabah.bikhushue.MainActivity"
57-->src\main\AndroidManifest.xml:37:13-41
58            android:configChanges="orientation|screenSize|screenLayout|keyboardHidden"
58-->src\main\AndroidManifest.xml:38:13-87
59            android:exported="false" />
59-->src\main\AndroidManifest.xml:39:13-37
60        <activity
60-->src\main\AndroidManifest.xml:41:9-44:40
61            android:name="com.sabah.bikhushue.AzkarActivity"
61-->src\main\AndroidManifest.xml:42:13-42
62            android:configChanges="orientation|screenSize|screenLayout|keyboardHidden"
62-->src\main\AndroidManifest.xml:43:13-87
63            android:exported="false" />
63-->src\main\AndroidManifest.xml:44:13-37
64        <activity
64-->src\main\AndroidManifest.xml:46:9-48:40
65            android:name="com.sabah.bikhushue.TasbeehActivity"
65-->src\main\AndroidManifest.xml:47:13-44
66            android:exported="false" />
66-->src\main\AndroidManifest.xml:48:13-37
67        <activity
67-->src\main\AndroidManifest.xml:50:9-53:40
68            android:name="com.sabah.bikhushue.AthanActivity"
68-->src\main\AndroidManifest.xml:51:13-42
69            android:configChanges="orientation|screenSize|screenLayout|keyboardHidden"
69-->src\main\AndroidManifest.xml:52:13-87
70            android:exported="false" />
70-->src\main\AndroidManifest.xml:53:13-37
71
72        <receiver
72-->src\main\AndroidManifest.xml:55:9-66:20
73            android:name="com.sabah.bikhushue.PrayerWidgetProvider"
73-->src\main\AndroidManifest.xml:56:13-49
74            android:exported="false" >
74-->src\main\AndroidManifest.xml:57:13-37
75            <intent-filter>
75-->src\main\AndroidManifest.xml:58:13-62:29
76                <action android:name="android.appwidget.action.APPWIDGET_UPDATE" />
76-->src\main\AndroidManifest.xml:59:17-84
76-->src\main\AndroidManifest.xml:59:25-81
77                <action android:name="com.sabah.bikhushue.ACTION_WIDGET_INCREMENT" />
77-->src\main\AndroidManifest.xml:60:17-86
77-->src\main\AndroidManifest.xml:60:25-83
78                <action android:name="com.sabah.bikhushue.ACTION_WIDGET_RESET" />
78-->src\main\AndroidManifest.xml:61:17-82
78-->src\main\AndroidManifest.xml:61:25-79
79            </intent-filter>
80
81            <meta-data
81-->src\main\AndroidManifest.xml:63:13-65:62
82                android:name="android.appwidget.provider"
82-->src\main\AndroidManifest.xml:64:17-58
83                android:resource="@xml/prayer_widget_info" />
83-->src\main\AndroidManifest.xml:65:17-59
84        </receiver>
85
86        <provider
86-->[androidx.emoji2:emoji2:1.2.0] AndroidManifest.xml:24:9-32:20
87            android:name="androidx.startup.InitializationProvider"
87-->[androidx.emoji2:emoji2:1.2.0] AndroidManifest.xml:25:13-67
88            android:authorities="com.sabah.bikhushue.androidx-startup"
88-->[androidx.emoji2:emoji2:1.2.0] AndroidManifest.xml:26:13-68
89            android:exported="false" >
89-->[androidx.emoji2:emoji2:1.2.0] AndroidManifest.xml:27:13-37
90            <meta-data
90-->[androidx.emoji2:emoji2:1.2.0] AndroidManifest.xml:29:13-31:52
91                android:name="androidx.emoji2.text.EmojiCompatInitializer"
91-->[androidx.emoji2:emoji2:1.2.0] AndroidManifest.xml:30:17-75
92                android:value="androidx.startup" />
92-->[androidx.emoji2:emoji2:1.2.0] AndroidManifest.xml:31:17-49
93            <meta-data
93-->[androidx.lifecycle:lifecycle-process:2.6.1] AndroidManifest.xml:29:13-31:52
94                android:name="androidx.lifecycle.ProcessLifecycleInitializer"
94-->[androidx.lifecycle:lifecycle-process:2.6.1] AndroidManifest.xml:30:17-78
95                android:value="androidx.startup" />
95-->[androidx.lifecycle:lifecycle-process:2.6.1] AndroidManifest.xml:31:17-49
96            <meta-data
96-->[androidx.profileinstaller:profileinstaller:1.3.0] AndroidManifest.xml:29:13-31:52
97                android:name="androidx.profileinstaller.ProfileInstallerInitializer"
97-->[androidx.profileinstaller:profileinstaller:1.3.0] AndroidManifest.xml:30:17-85
98                android:value="androidx.startup" />
98-->[androidx.profileinstaller:profileinstaller:1.3.0] AndroidManifest.xml:31:17-49
99        </provider>
100
101        <activity
101-->[com.google.android.gms:play-services-base:18.3.0] AndroidManifest.xml:20:9-22:45
102            android:name="com.google.android.gms.common.api.GoogleApiActivity"
102-->[com.google.android.gms:play-services-base:18.3.0] AndroidManifest.xml:20:19-85
103            android:exported="false"
103-->[com.google.android.gms:play-services-base:18.3.0] AndroidManifest.xml:22:19-43
104            android:theme="@android:style/Theme.Translucent.NoTitleBar" />
104-->[com.google.android.gms:play-services-base:18.3.0] AndroidManifest.xml:21:19-78
105
106        <meta-data
106-->[com.google.android.gms:play-services-basement:18.3.0] AndroidManifest.xml:21:9-23:69
107            android:name="com.google.android.gms.version"
107-->[com.google.android.gms:play-services-basement:18.3.0] AndroidManifest.xml:22:13-58
108            android:value="@integer/google_play_services_version" />
108-->[com.google.android.gms:play-services-basement:18.3.0] AndroidManifest.xml:23:13-66
109
110        <receiver
110-->[androidx.profileinstaller:profileinstaller:1.3.0] AndroidManifest.xml:34:9-52:20
111            android:name="androidx.profileinstaller.ProfileInstallReceiver"
111-->[androidx.profileinstaller:profileinstaller:1.3.0] AndroidManifest.xml:35:13-76
112            android:directBootAware="false"
112-->[androidx.profileinstaller:profileinstaller:1.3.0] AndroidManifest.xml:36:13-44
113            android:enabled="true"
113-->[androidx.profileinstaller:profileinstaller:1.3.0] AndroidManifest.xml:37:13-35
114            android:exported="true"
114-->[androidx.profileinstaller:profileinstaller:1.3.0] AndroidManifest.xml:38:13-36
115            android:permission="android.permission.DUMP" >
115-->[androidx.profileinstaller:profileinstaller:1.3.0] AndroidManifest.xml:39:13-57
116            <intent-filter>
116-->[androidx.profileinstaller:profileinstaller:1.3.0] AndroidManifest.xml:40:13-42:29
117                <action android:name="androidx.profileinstaller.action.INSTALL_PROFILE" />
117-->[androidx.profileinstaller:profileinstaller:1.3.0] AndroidManifest.xml:41:17-91
117-->[androidx.profileinstaller:profileinstaller:1.3.0] AndroidManifest.xml:41:25-88
118            </intent-filter>
119            <intent-filter>
119-->[androidx.profileinstaller:profileinstaller:1.3.0] AndroidManifest.xml:43:13-45:29
120                <action android:name="androidx.profileinstaller.action.SKIP_FILE" />
120-->[androidx.profileinstaller:profileinstaller:1.3.0] AndroidManifest.xml:44:17-85
120-->[androidx.profileinstaller:profileinstaller:1.3.0] AndroidManifest.xml:44:25-82
121            </intent-filter>
122            <intent-filter>
122-->[androidx.profileinstaller:profileinstaller:1.3.0] AndroidManifest.xml:46:13-48:29
123                <action android:name="androidx.profileinstaller.action.SAVE_PROFILE" />
123-->[androidx.profileinstaller:profileinstaller:1.3.0] AndroidManifest.xml:47:17-88
123-->[androidx.profileinstaller:profileinstaller:1.3.0] AndroidManifest.xml:47:25-85
124            </intent-filter>
125            <intent-filter>
125-->[androidx.profileinstaller:profileinstaller:1.3.0] AndroidManifest.xml:49:13-51:29
126                <action android:name="androidx.profileinstaller.action.BENCHMARK_OPERATION" />
126-->[androidx.profileinstaller:profileinstaller:1.3.0] AndroidManifest.xml:50:17-95
126-->[androidx.profileinstaller:profileinstaller:1.3.0] AndroidManifest.xml:50:25-92
127            </intent-filter>
128        </receiver>
129    </application>
130
131</manifest>